mode: set
internal-pki-gen/main.go:27.55,28.22 1 1
internal-pki-gen/main.go:28.22,30.3 1 1
internal-pki-gen/main.go:31.2,34.3 1 1
internal-pki-gen/main.go:37.41,38.55 1 1
internal-pki-gen/main.go:38.55,40.3 1 1
internal-pki-gen/main.go:43.2,44.16 2 1
internal-pki-gen/main.go:44.16,46.3 1 1
internal-pki-gen/main.go:49.2,49.62 1 1
internal-pki-gen/main.go:49.62,51.3 1 0
internal-pki-gen/main.go:53.2,53.12 1 1
internal-pki-gen/main.go:56.81,61.46 3 1
internal-pki-gen/main.go:61.46,63.3 1 1
internal-pki-gen/main.go:66.2,67.16 2 1
internal-pki-gen/main.go:67.16,69.3 1 0
internal-pki-gen/main.go:72.2,73.16 2 1
internal-pki-gen/main.go:73.16,75.3 1 0
internal-pki-gen/main.go:77.2,94.16 3 1
internal-pki-gen/main.go:94.16,96.3 1 0
internal-pki-gen/main.go:99.2,100.16 2 1
internal-pki-gen/main.go:100.16,102.3 1 0
internal-pki-gen/main.go:103.2,106.17 1 1
internal-pki-gen/main.go:106.17,108.3 1 0
internal-pki-gen/main.go:109.2,113.16 3 1
internal-pki-gen/main.go:113.16,115.3 1 0
internal-pki-gen/main.go:116.2,119.17 1 1
internal-pki-gen/main.go:119.17,121.3 1 0
internal-pki-gen/main.go:122.2,125.16 3 1
internal-pki-gen/main.go:125.16,127.3 1 0
internal-pki-gen/main.go:129.2,129.27 1 1
internal-pki-gen/main.go:132.100,137.48 3 1
internal-pki-gen/main.go:137.48,139.3 1 0
internal-pki-gen/main.go:142.2,143.16 2 1
internal-pki-gen/main.go:143.16,145.3 1 0
internal-pki-gen/main.go:148.2,149.16 2 1
internal-pki-gen/main.go:149.16,151.3 1 0
internal-pki-gen/main.go:153.2,171.16 3 1
internal-pki-gen/main.go:171.16,173.3 1 0
internal-pki-gen/main.go:176.2,177.16 2 1
internal-pki-gen/main.go:177.16,179.3 1 0
internal-pki-gen/main.go:180.2,183.17 1 1
internal-pki-gen/main.go:183.17,185.3 1 0
internal-pki-gen/main.go:186.2,190.16 3 1
internal-pki-gen/main.go:190.16,192.3 1 0
internal-pki-gen/main.go:193.2,196.17 1 1
internal-pki-gen/main.go:196.17,198.3 1 0
internal-pki-gen/main.go:199.2,209.16 6 1
internal-pki-gen/main.go:209.16,211.3 1 0
internal-pki-gen/main.go:212.2,212.45 1 1
internal-pki-gen/main.go:212.45,214.3 1 0
internal-pki-gen/main.go:216.2,216.12 1 1
internal-pki-gen/main.go:219.13,221.22 2 0
internal-pki-gen/main.go:221.22,223.3 1 0
internal-pki-gen/main.go:225.2,226.45 2 0
internal-pki-gen/main.go:226.45,229.3 2 0
internal-pki-gen/main.go:231.2,231.82 1 0
